<?xml version="1.0" encoding="UTF-8"?>
<testsuite xmlns:xsi="http://www.w3.org/2001/XMLSchema-instance" xsi:noNamespaceSchemaLocation="https://maven.apache.org/surefire/maven-surefire-plugin/xsd/surefire-test-report.xsd" name="com.food.ordering.system.order.service.domain.OrderApplicationServiceTest" time="1.476" tests="4" errors="0" skipped="0" failures="1">
  <properties>
    <property name="java.specification.version" value="17"/>
    <property name="sun.jnu.encoding" value="UTF-8"/>
    <property name="java.class.path" value="/home/austinkeiber/IdeaProjects/food-ordering-service/order-service/order-domain/order-application-service/target/test-classes:/home/austinkeiber/IdeaProjects/food-ordering-service/order-service/order-domain/order-application-service/target/classes:/home/austinkeiber/IdeaProjects/food-ordering-service/order-service/order-domain/order-domain-core/target/order-domain-core-1.0-SNAPSHOT.jar:/home/austinkeiber/IdeaProjects/food-ordering-service/common/common-domain/target/common-domain-1.0-SNAPSHOT.jar:/home/austinkeiber/.m2/repository/org/springframework/boot/spring-boot-starter-validation/2.7.4/spring-boot-starter-validation-2.7.4.jar:/home/austinkeiber/.m2/repository/org/springframework/boot/spring-boot-starter/2.7.4/spring-boot-starter-2.7.4.jar:/home/austinkeiber/.m2/repository/org/springframework/boot/spring-boot/2.7.4/spring-boot-2.7.4.jar:/home/austinkeiber/.m2/repository/org/springframework/spring-context/5.3.23/spring-context-5.3.23.jar:/home/austinkeiber/.m2/repository/org/springframework/spring-aop/5.3.23/spring-aop-5.3.23.jar:/home/austinkeiber/.m2/repository/org/springframework/spring-expression/5.3.23/spring-expression-5.3.23.jar:/home/austinkeiber/.m2/repository/org/springframework/boot/spring-boot-autoconfigure/2.7.4/spring-boot-autoconfigure-2.7.4.jar:/home/austinkeiber/.m2/repository/jakarta/annotation/jakarta.annotation-api/1.3.5/jakarta.annotation-api-1.3.5.jar:/home/austinkeiber/.m2/repository/org/yaml/snakeyaml/1.30/snakeyaml-1.30.jar:/home/austinkeiber/.m2/repository/org/apache/tomcat/embed/tomcat-embed-el/9.0.65/tomcat-embed-el-9.0.65.jar:/home/austinkeiber/.m2/repository/org/hibernate/validator/hibernate-validator/6.2.5.Final/hibernate-validator-6.2.5.Final.jar:/home/austinkeiber/.m2/repository/jakarta/validation/jakarta.validation-api/2.0.2/jakarta.validation-api-2.0.2.jar:/home/austinkeiber/.m2/repository/org/jboss/logging/jboss-logging/3.4.3.Final/jboss-logging-3.4.3.Final.jar:/home/austinkeiber/.m2/repository/com/fasterxml/classmate/1.5.1/classmate-1.5.1.jar:/home/austinkeiber/.m2/repository/org/springframework/spring-tx/5.3.23/spring-tx-5.3.23.jar:/home/austinkeiber/.m2/repository/org/springframework/spring-beans/5.3.23/spring-beans-5.3.23.jar:/home/austinkeiber/.m2/repository/org/springframework/spring-core/5.3.23/spring-core-5.3.23.jar:/home/austinkeiber/.m2/repository/org/springframework/spring-jcl/5.3.23/spring-jcl-5.3.23.jar:/home/austinkeiber/.m2/repository/org/mockito/mockito-core/4.3.1/mockito-core-4.3.1.jar:/home/austinkeiber/.m2/repository/net/bytebuddy/byte-buddy/1.12.17/byte-buddy-1.12.17.jar:/home/austinkeiber/.m2/repository/net/bytebuddy/byte-buddy-agent/1.12.17/byte-buddy-agent-1.12.17.jar:/home/austinkeiber/.m2/repository/org/objenesis/objenesis/3.2/objenesis-3.2.jar:/home/austinkeiber/.m2/repository/org/springframework/boot/spring-boot-starter-test/2.7.4/spring-boot-starter-test-2.7.4.jar:/home/austinkeiber/.m2/repository/org/springframework/boot/spring-boot-test/2.7.4/spring-boot-test-2.7.4.jar:/home/austinkeiber/.m2/repository/org/springframework/boot/spring-boot-test-autoconfigure/2.7.4/spring-boot-test-autoconfigure-2.7.4.jar:/home/austinkeiber/.m2/repository/com/jayway/jsonpath/json-path/2.7.0/json-path-2.7.0.jar:/home/austinkeiber/.m2/repository/net/minidev/json-smart/2.4.8/json-smart-2.4.8.jar:/home/austinkeiber/.m2/repository/net/minidev/accessors-smart/2.4.8/accessors-smart-2.4.8.jar:/home/austinkeiber/.m2/repository/org/ow2/asm/asm/9.1/asm-9.1.jar:/home/austinkeiber/.m2/repository/org/slf4j/slf4j-api/1.7.36/slf4j-api-1.7.36.jar:/home/austinkeiber/.m2/repository/jakarta/xml/bind/jakarta.xml.bind-api/2.3.3/jakarta.xml.bind-api-2.3.3.jar:/home/austinkeiber/.m2/repository/jakarta/activation/jakarta.activation-api/1.2.2/jakarta.activation-api-1.2.2.jar:/home/austinkeiber/.m2/repository/org/assertj/assertj-core/3.22.0/assertj-core-3.22.0.jar:/home/austinkeiber/.m2/repository/org/hamcrest/hamcrest/2.2/hamcrest-2.2.jar:/home/austinkeiber/.m2/repository/org/junit/jupiter/junit-jupiter/5.8.2/junit-jupiter-5.8.2.jar:/home/austinkeiber/.m2/repository/org/junit/jupiter/junit-jupiter-api/5.8.2/junit-jupiter-api-5.8.2.jar:/home/austinkeiber/.m2/repository/org/opentest4j/opentest4j/1.2.0/opentest4j-1.2.0.jar:/home/austinkeiber/.m2/repository/org/junit/platform/junit-platform-commons/1.8.2/junit-platform-commons-1.8.2.jar:/home/austinkeiber/.m2/repository/org/apiguardian/apiguardian-api/1.1.2/apiguardian-api-1.1.2.jar:/home/austinkeiber/.m2/repository/org/junit/jupiter/junit-jupiter-params/5.8.2/junit-jupiter-params-5.8.2.jar:/home/austinkeiber/.m2/repository/org/junit/jupiter/junit-jupiter-engine/5.8.2/junit-jupiter-engine-5.8.2.jar:/home/austinkeiber/.m2/repository/org/junit/platform/junit-platform-engine/1.8.2/junit-platform-engine-1.8.2.jar:/home/austinkeiber/.m2/repository/org/mockito/mockito-junit-jupiter/4.3.1/mockito-junit-jupiter-4.3.1.jar:/home/austinkeiber/.m2/repository/org/skyscreamer/jsonassert/1.5.1/jsonassert-1.5.1.jar:/home/austinkeiber/.m2/repository/com/vaadin/external/google/android-json/0.0.20131108.vaadin1/android-json-0.0.20131108.vaadin1.jar:/home/austinkeiber/.m2/repository/org/springframework/spring-test/5.3.23/spring-test-5.3.23.jar:/home/austinkeiber/.m2/repository/org/xmlunit/xmlunit-core/2.9.0/xmlunit-core-2.9.0.jar:/home/austinkeiber/.m2/repository/org/projectlombok/lombok/1.18.24/lombok-1.18.24.jar:/home/austinkeiber/.m2/repository/org/springframework/boot/spring-boot-starter-logging/2.7.4/spring-boot-starter-logging-2.7.4.jar:/home/austinkeiber/.m2/repository/ch/qos/logback/logback-classic/1.2.11/logback-classic-1.2.11.jar:/home/austinkeiber/.m2/repository/ch/qos/logback/logback-core/1.2.11/logback-core-1.2.11.jar:/home/austinkeiber/.m2/repository/org/apache/logging/log4j/log4j-to-slf4j/2.17.2/log4j-to-slf4j-2.17.2.jar:/home/austinkeiber/.m2/repository/org/apache/logging/log4j/log4j-api/2.17.2/log4j-api-2.17.2.jar:/home/austinkeiber/.m2/repository/org/slf4j/jul-to-slf4j/1.7.36/jul-to-slf4j-1.7.36.jar:"/>
    <property name="java.vm.vendor" value="Oracle Corporation"/>
    <property name="sun.arch.data.model" value="64"/>
    <property name="java.vendor.url" value="https://java.oracle.com/"/>
    <property name="os.name" value="Linux"/>
    <property name="java.vm.specification.version" value="17"/>
    <property name="sun.java.launcher" value="SUN_STANDARD"/>
    <property name="user.country" value="US"/>
    <property name="sun.boot.library.path" value="/home/austinkeiber/Programs/jdk-17.0.4.1/lib"/>
    <property name="sun.java.command" value="/home/austinkeiber/IdeaProjects/food-ordering-service/order-service/order-domain/order-application-service/target/surefire/surefirebooter11797949215709991174.jar /home/austinkeiber/IdeaProjects/food-ordering-service/order-service/order-domain/order-application-service/target/surefire 2022-10-16T03-44-26_614-jvmRun1 surefire329536724053372800tmp surefire_06617670944153900966tmp"/>
    <property name="jdk.debug" value="release"/>
    <property name="surefire.test.class.path" value="/home/austinkeiber/IdeaProjects/food-ordering-service/order-service/order-domain/order-application-service/target/test-classes:/home/austinkeiber/IdeaProjects/food-ordering-service/order-service/order-domain/order-application-service/target/classes:/home/austinkeiber/IdeaProjects/food-ordering-service/order-service/order-domain/order-domain-core/target/order-domain-core-1.0-SNAPSHOT.jar:/home/austinkeiber/IdeaProjects/food-ordering-service/common/common-domain/target/common-domain-1.0-SNAPSHOT.jar:/home/austinkeiber/.m2/repository/org/springframework/boot/spring-boot-starter-validation/2.7.4/spring-boot-starter-validation-2.7.4.jar:/home/austinkeiber/.m2/repository/org/springframework/boot/spring-boot-starter/2.7.4/spring-boot-starter-2.7.4.jar:/home/austinkeiber/.m2/repository/org/springframework/boot/spring-boot/2.7.4/spring-boot-2.7.4.jar:/home/austinkeiber/.m2/repository/org/springframework/spring-context/5.3.23/spring-context-5.3.23.jar:/home/austinkeiber/.m2/repository/org/springframework/spring-aop/5.3.23/spring-aop-5.3.23.jar:/home/austinkeiber/.m2/repository/org/springframework/spring-expression/5.3.23/spring-expression-5.3.23.jar:/home/austinkeiber/.m2/repository/org/springframework/boot/spring-boot-autoconfigure/2.7.4/spring-boot-autoconfigure-2.7.4.jar:/home/austinkeiber/.m2/repository/jakarta/annotation/jakarta.annotation-api/1.3.5/jakarta.annotation-api-1.3.5.jar:/home/austinkeiber/.m2/repository/org/yaml/snakeyaml/1.30/snakeyaml-1.30.jar:/home/austinkeiber/.m2/repository/org/apache/tomcat/embed/tomcat-embed-el/9.0.65/tomcat-embed-el-9.0.65.jar:/home/austinkeiber/.m2/repository/org/hibernate/validator/hibernate-validator/6.2.5.Final/hibernate-validator-6.2.5.Final.jar:/home/austinkeiber/.m2/repository/jakarta/validation/jakarta.validation-api/2.0.2/jakarta.validation-api-2.0.2.jar:/home/austinkeiber/.m2/repository/org/jboss/logging/jboss-logging/3.4.3.Final/jboss-logging-3.4.3.Final.jar:/home/austinkeiber/.m2/repository/com/fasterxml/classmate/1.5.1/classmate-1.5.1.jar:/home/austinkeiber/.m2/repository/org/springframework/spring-tx/5.3.23/spring-tx-5.3.23.jar:/home/austinkeiber/.m2/repository/org/springframework/spring-beans/5.3.23/spring-beans-5.3.23.jar:/home/austinkeiber/.m2/repository/org/springframework/spring-core/5.3.23/spring-core-5.3.23.jar:/home/austinkeiber/.m2/repository/org/springframework/spring-jcl/5.3.23/spring-jcl-5.3.23.jar:/home/austinkeiber/.m2/repository/org/mockito/mockito-core/4.3.1/mockito-core-4.3.1.jar:/home/austinkeiber/.m2/repository/net/bytebuddy/byte-buddy/1.12.17/byte-buddy-1.12.17.jar:/home/austinkeiber/.m2/repository/net/bytebuddy/byte-buddy-agent/1.12.17/byte-buddy-agent-1.12.17.jar:/home/austinkeiber/.m2/repository/org/objenesis/objenesis/3.2/objenesis-3.2.jar:/home/austinkeiber/.m2/repository/org/springframework/boot/spring-boot-starter-test/2.7.4/spring-boot-starter-test-2.7.4.jar:/home/austinkeiber/.m2/repository/org/springframework/boot/spring-boot-test/2.7.4/spring-boot-test-2.7.4.jar:/home/austinkeiber/.m2/repository/org/springframework/boot/spring-boot-test-autoconfigure/2.7.4/spring-boot-test-autoconfigure-2.7.4.jar:/home/austinkeiber/.m2/repository/com/jayway/jsonpath/json-path/2.7.0/json-path-2.7.0.jar:/home/austinkeiber/.m2/repository/net/minidev/json-smart/2.4.8/json-smart-2.4.8.jar:/home/austinkeiber/.m2/repository/net/minidev/accessors-smart/2.4.8/accessors-smart-2.4.8.jar:/home/austinkeiber/.m2/repository/org/ow2/asm/asm/9.1/asm-9.1.jar:/home/austinkeiber/.m2/repository/org/slf4j/slf4j-api/1.7.36/slf4j-api-1.7.36.jar:/home/austinkeiber/.m2/repository/jakarta/xml/bind/jakarta.xml.bind-api/2.3.3/jakarta.xml.bind-api-2.3.3.jar:/home/austinkeiber/.m2/repository/jakarta/activation/jakarta.activation-api/1.2.2/jakarta.activation-api-1.2.2.jar:/home/austinkeiber/.m2/repository/org/assertj/assertj-core/3.22.0/assertj-core-3.22.0.jar:/home/austinkeiber/.m2/repository/org/hamcrest/hamcrest/2.2/hamcrest-2.2.jar:/home/austinkeiber/.m2/repository/org/junit/jupiter/junit-jupiter/5.8.2/junit-jupiter-5.8.2.jar:/home/austinkeiber/.m2/repository/org/junit/jupiter/junit-jupiter-api/5.8.2/junit-jupiter-api-5.8.2.jar:/home/austinkeiber/.m2/repository/org/opentest4j/opentest4j/1.2.0/opentest4j-1.2.0.jar:/home/austinkeiber/.m2/repository/org/junit/platform/junit-platform-commons/1.8.2/junit-platform-commons-1.8.2.jar:/home/austinkeiber/.m2/repository/org/apiguardian/apiguardian-api/1.1.2/apiguardian-api-1.1.2.jar:/home/austinkeiber/.m2/repository/org/junit/jupiter/junit-jupiter-params/5.8.2/junit-jupiter-params-5.8.2.jar:/home/austinkeiber/.m2/repository/org/junit/jupiter/junit-jupiter-engine/5.8.2/junit-jupiter-engine-5.8.2.jar:/home/austinkeiber/.m2/repository/org/junit/platform/junit-platform-engine/1.8.2/junit-platform-engine-1.8.2.jar:/home/austinkeiber/.m2/repository/org/mockito/mockito-junit-jupiter/4.3.1/mockito-junit-jupiter-4.3.1.jar:/home/austinkeiber/.m2/repository/org/skyscreamer/jsonassert/1.5.1/jsonassert-1.5.1.jar:/home/austinkeiber/.m2/repository/com/vaadin/external/google/android-json/0.0.20131108.vaadin1/android-json-0.0.20131108.vaadin1.jar:/home/austinkeiber/.m2/repository/org/springframework/spring-test/5.3.23/spring-test-5.3.23.jar:/home/austinkeiber/.m2/repository/org/xmlunit/xmlunit-core/2.9.0/xmlunit-core-2.9.0.jar:/home/austinkeiber/.m2/repository/org/projectlombok/lombok/1.18.24/lombok-1.18.24.jar:/home/austinkeiber/.m2/repository/org/springframework/boot/spring-boot-starter-logging/2.7.4/spring-boot-starter-logging-2.7.4.jar:/home/austinkeiber/.m2/repository/ch/qos/logback/logback-classic/1.2.11/logback-classic-1.2.11.jar:/home/austinkeiber/.m2/repository/ch/qos/logback/logback-core/1.2.11/logback-core-1.2.11.jar:/home/austinkeiber/.m2/repository/org/apache/logging/log4j/log4j-to-slf4j/2.17.2/log4j-to-slf4j-2.17.2.jar:/home/austinkeiber/.m2/repository/org/apache/logging/log4j/log4j-api/2.17.2/log4j-api-2.17.2.jar:/home/austinkeiber/.m2/repository/org/slf4j/jul-to-slf4j/1.7.36/jul-to-slf4j-1.7.36.jar:"/>
    <property name="sun.cpu.endian" value="little"/>
    <property name="user.home" value="/home/austinkeiber"/>
    <property name="user.language" value="en"/>
    <property name="java.specification.vendor" value="Oracle Corporation"/>
    <property name="java.version.date" value="2022-08-18"/>
    <property name="java.home" value="/home/austinkeiber/Programs/jdk-17.0.4.1"/>
    <property name="file.separator" value="/"/>
    <property name="basedir" value="/home/austinkeiber/IdeaProjects/food-ordering-service/order-service/order-domain/order-application-service"/>
    <property name="java.vm.compressedOopsMode" value="Zero based"/>
    <property name="line.separator" value="&#10;"/>
    <property name="java.vm.specification.vendor" value="Oracle Corporation"/>
    <property name="java.specification.name" value="Java Platform API Specification"/>
    <property name="surefire.real.class.path" value="/home/austinkeiber/IdeaProjects/food-ordering-service/order-service/order-domain/order-application-service/target/surefire/surefirebooter11797949215709991174.jar"/>
    <property name="sun.management.compiler" value="HotSpot 64-Bit Tiered Compilers"/>
    <property name="java.runtime.version" value="17.0.4.1+1-LTS-2"/>
    <property name="user.name" value="austinkeiber"/>
    <property name="path.separator" value=":"/>
    <property name="os.version" value="5.15.0-50-generic"/>
    <property name="java.runtime.name" value="Java(TM) SE Runtime Environment"/>
    <property name="file.encoding" value="UTF-8"/>
    <property name="java.vm.name" value="Java HotSpot(TM) 64-Bit Server VM"/>
    <property name="localRepository" value="/home/austinkeiber/.m2/repository"/>
    <property name="java.vendor.url.bug" value="https://bugreport.java.com/bugreport/"/>
    <property name="java.io.tmpdir" value="/tmp"/>
    <property name="idea.version" value="2022.2.3"/>
    <property name="java.version" value="17.0.4.1"/>
    <property name="user.dir" value="/home/austinkeiber/IdeaProjects/food-ordering-service/order-service/order-domain/order-application-service"/>
    <property name="os.arch" value="amd64"/>
    <property name="java.vm.specification.name" value="Java Virtual Machine Specification"/>
    <property name="native.encoding" value="UTF-8"/>
    <property name="java.library.path" value="/usr/java/packages/lib:/usr/lib64:/lib64:/lib:/usr/lib"/>
    <property name="java.vm.info" value="mixed mode, sharing"/>
    <property name="java.vendor" value="Oracle Corporation"/>
    <property name="java.vm.version" value="17.0.4.1+1-LTS-2"/>
    <property name="sun.io.unicode.encoding" value="UnicodeLittle"/>
    <property name="java.class.version" value="61.0"/>
  </properties>
  <testcase name="testCreateOrderWithWrongTotalPrice" classname="com.food.ordering.system.order.service.domain.OrderApplicationServiceTest" time="0.065">
    <failure message="expected: &lt;Total price: 250.00 is not equal to Order items total: 200.00&gt; but was: &lt;Total price: 250.00is not equal to Order items total: 200.00&gt;" type="org.opentest4j.AssertionFailedError"><![CDATA[org.opentest4j.AssertionFailedError: expected: <Total price: 250.00 is not equal to Order items total: 200.00> but was: <Total price: 250.00is not equal to Order items total: 200.00>
	at com.food.ordering.system.order.service.domain.OrderApplicationServiceTest.testCreateOrderWithWrongTotalPrice(OrderApplicationServiceTest.java:160)
]]></failure>
    <system-out><![CDATA[03:44:29.211 [main] DEBUG org.springframework.test.context.BootstrapUtils - Instantiating CacheAwareContextLoaderDelegate from class [org.springframework.test.context.cache.DefaultCacheAwareContextLoaderDelegate]
03:44:29.216 [main] DEBUG org.springframework.test.context.BootstrapUtils - Instantiating BootstrapContext using constructor [public org.springframework.test.context.support.DefaultBootstrapContext(java.lang.Class,org.springframework.test.context.CacheAwareContextLoaderDelegate)]
03:44:29.233 [main] DEBUG org.springframework.test.context.BootstrapUtils - Instantiating TestContextBootstrapper for test class [com.food.ordering.system.order.service.domain.OrderApplicationServiceTest] from class [org.springframework.boot.test.context.SpringBootTestContextBootstrapper]
03:44:29.240 [main] INFO org.springframework.boot.test.context.SpringBootTestContextBootstrapper - Neither @ContextConfiguration nor @ContextHierarchy found for test class [com.food.ordering.system.order.service.domain.OrderApplicationServiceTest], using SpringBootContextLoader
03:44:29.241 [main] DEBUG org.springframework.test.context.support.AbstractContextLoader - Did not detect default resource location for test class [com.food.ordering.system.order.service.domain.OrderApplicationServiceTest]: class path resource [com/food/ordering/system/order/service/domain/OrderApplicationServiceTest-context.xml] does not exist
03:44:29.242 [main] DEBUG org.springframework.test.context.support.AbstractContextLoader - Did not detect default resource location for test class [com.food.ordering.system.order.service.domain.OrderApplicationServiceTest]: class path resource [com/food/ordering/system/order/service/domain/OrderApplicationServiceTestContext.groovy] does not exist
03:44:29.242 [main] INFO org.springframework.test.context.support.AbstractContextLoader - Could not detect default resource locations for test class [com.food.ordering.system.order.service.domain.OrderApplicationServiceTest]: no resource found for suffixes {-context.xml, Context.groovy}.
03:44:29.265 [main] DEBUG org.springframework.test.context.support.ActiveProfilesUtils - Could not find an 'annotation declaring class' for annotation type [org.springframework.test.context.ActiveProfiles] and class [com.food.ordering.system.order.service.domain.OrderApplicationServiceTest]
03:44:29.341 [main] DEBUG org.springframework.boot.test.context.SpringBootTestContextBootstrapper - @TestExecutionListeners is not present for class [com.food.ordering.system.order.service.domain.OrderApplicationServiceTest]: using defaults.
03:44:29.341 [main] INFO org.springframework.boot.test.context.SpringBootTestContextBootstrapper - Loaded default TestExecutionListener class names from location [META-INF/spring.factories]: [org.springframework.boot.test.mock.mockito.MockitoTestExecutionListener, org.springframework.boot.test.mock.mockito.ResetMocksTestExecutionListener, org.springframework.boot.test.autoconfigure.restdocs.RestDocsTestExecutionListener, org.springframework.boot.test.autoconfigure.web.client.MockRestServiceServerResetTestExecutionListener, org.springframework.boot.test.autoconfigure.web.servlet.MockMvcPrintOnlyOnFailureTestExecutionListener, org.springframework.boot.test.autoconfigure.web.servlet.WebDriverTestExecutionListener, org.springframework.boot.test.autoconfigure.webservices.client.MockWebServiceServerTestExecutionListener, org.springframework.test.context.web.ServletTestExecutionListener, org.springframework.test.context.support.DirtiesContextBeforeModesTestExecutionListener, org.springframework.test.context.event.ApplicationEventsTestExecutionListener, org.springframework.test.context.support.DependencyInjectionTestExecutionListener, org.springframework.test.context.support.DirtiesContextTestExecutionListener, org.springframework.test.context.transaction.TransactionalTestExecutionListener, org.springframework.test.context.jdbc.SqlScriptsTestExecutionListener, org.springframework.test.context.event.EventPublishingTestExecutionListener]
03:44:29.345 [main] DEBUG org.springframework.boot.test.context.SpringBootTestContextBootstrapper - Skipping candidate TestExecutionListener [org.springframework.test.context.web.ServletTestExecutionListener] due to a missing dependency. Specify custom listener classes or make the default listener classes and their required dependencies available. Offending class: [javax/servlet/ServletContext]
03:44:29.349 [main] INFO org.springframework.boot.test.context.SpringBootTestContextBootstrapper - Using TestExecutionListeners: [org.springframework.test.context.support.DirtiesContextBeforeModesTestExecutionListener@18ece7f4, org.springframework.test.context.event.ApplicationEventsTestExecutionListener@3cce57c7, org.springframework.boot.test.mock.mockito.MockitoTestExecutionListener@1cf56a1c, org.springframework.boot.test.autoconfigure.SpringBootDependencyInjectionTestExecutionListener@33f676f6, org.springframework.test.context.support.DirtiesContextTestExecutionListener@4c5ae43b, org.springframework.test.context.transaction.TransactionalTestExecutionListener@264f218, org.springframework.test.context.jdbc.SqlScriptsTestExecutionListener@3576ddc2, org.springframework.test.context.event.EventPublishingTestExecutionListener@35b74c5c, org.springframework.boot.test.mock.mockito.ResetMocksTestExecutionListener@2e570ded, org.springframework.boot.test.autoconfigure.restdocs.RestDocsTestExecutionListener@b86de0d, org.springframework.boot.test.autoconfigure.web.client.MockRestServiceServerResetTestExecutionListener@81d9a72, org.springframework.boot.test.autoconfigure.web.servlet.MockMvcPrintOnlyOnFailureTestExecutionListener@747f281, org.springframework.boot.test.autoconfigure.web.servlet.WebDriverTestExecutionListener@1169afe1, org.springframework.boot.test.autoconfigure.webservices.client.MockWebServiceServerTestExecutionListener@2ca26d77]
03:44:29.352 [main] DEBUG org.springframework.test.context.support.DependencyInjectionTestExecutionListener - Performing dependency injection for test context [[DefaultTestContext@a1f72f5 testClass = OrderApplicationServiceTest, testInstance = com.food.ordering.system.order.service.domain.OrderApplicationServiceTest@4b2c5e02, testMethod = [null], testException = [null], mergedContextConfiguration = [MergedContextConfiguration@57a3e26a testClass = OrderApplicationServiceTest, locations = '{}', classes = '{class com.food.ordering.system.order.service.domain.OrderTestConfiguration}', contextInitializerClasses = '[]', activeProfiles = '{}', propertySourceLocations = '{}', propertySourceProperties = '{org.springframework.boot.test.context.SpringBootTestContextBootstrapper=true}', contextCustomizers = set[org.springframework.boot.test.context.filter.ExcludeFilterContextCustomizer@6ab778a, org.springframework.boot.test.json.DuplicateJsonObjectContextCustomizerFactory$DuplicateJsonObjectContextCustomizer@58ea606c, org.springframework.boot.test.mock.mockito.MockitoContextCustomizer@0, org.springframework.boot.test.web.client.TestRestTemplateContextCustomizer@175b9425, org.springframework.boot.test.autoconfigure.actuate.metrics.MetricsExportContextCustomizerFactory$DisableMetricExportContextCustomizer@11fc564b, org.springframework.boot.test.autoconfigure.properties.PropertyMappingContextCustomizer@0, org.springframework.boot.test.autoconfigure.web.servlet.WebDriverContextCustomizerFactory$Customizer@343570b7, org.springframework.boot.test.context.SpringBootTestArgs@1, org.springframework.boot.test.context.SpringBootTestWebEnvironment@5f2108b5], contextLoader = 'org.springframework.boot.test.context.SpringBootContextLoader', parent = [null]], attributes = map['org.springframework.test.context.event.ApplicationEventsTestExecutionListener.recordApplicationEvents' -> false]]].

  .   ____          _            __ _ _
 /\\ / ___'_ __ _ _(_)_ __  __ _ \ \ \ \
( ( )\___ | '_ | '_| | '_ \/ _` | \ \ \ \
 \\/  ___)| |_)| | | | | || (_| |  ) ) ) )
  '  |____| .__|_| |_|_| |_\__, | / / / /
 =========|_|==============|___/=/_/_/_/
 :: Spring Boot ::                (v2.7.4)

2022-10-16 03:44:29.602  INFO 27420 --- [           main] .f.o.s.o.s.d.OrderApplicationServiceTest : Starting OrderApplicationServiceTest using Java 17.0.4.1 on austinkeiber-VirtualBox with PID 27420 (started by austinkeiber in /home/austinkeiber/IdeaProjects/food-ordering-service/order-service/order-domain/order-application-service)
2022-10-16 03:44:29.603  INFO 27420 --- [           main] .f.o.s.o.s.d.OrderApplicationServiceTest : No active profile set, falling back to 1 default profile: "default"
2022-10-16 03:44:30.511  INFO 27420 --- [           main] .f.o.s.o.s.d.OrderApplicationServiceTest : Started OrderApplicationServiceTest in 1.129 seconds (JVM running for 1.784)
]]></system-out>
  </testcase>
  <testcase name="testCreateOrder" classname="com.food.ordering.system.order.service.domain.OrderApplicationServiceTest" time="0.007"/>
  <testcase name="testCreateOrderWithWrongProductPrice" classname="com.food.ordering.system.order.service.domain.OrderApplicationServiceTest" time="0.002"/>
  <testcase name="testCreateOrderWithPassiveRestaurant" classname="com.food.ordering.system.order.service.domain.OrderApplicationServiceTest" time="0.004"/>
</testsuite>